[debug] [2025-11-04T18:02:04.800Z] ----------------------------------------------------------------------
[debug] [2025-11-04T18:02:04.803Z] Command:       C:\Program Files\nodejs\node.exe C:\Users\Austin\AppData\Roaming\npm\node_modules\firebase-tools\lib\bin\firebase.js deploy --debug
[debug] [2025-11-04T18:02:04.804Z] CLI Version:   14.23.0
[debug] [2025-11-04T18:02:04.804Z] Platform:      win32
[debug] [2025-11-04T18:02:04.804Z] Node Version:  v22.21.0
[debug] [2025-11-04T18:02:04.805Z] Time:          Wed Nov 05 2025 02:02:04 GMT+0800 (Singapore Standard Time)
[debug] [2025-11-04T18:02:04.805Z] ----------------------------------------------------------------------
[debug] 
[debug] [2025-11-04T18:02:05.175Z] > command requires scopes: ["email","openid","https://www.googleapis.com/auth/cloudplatformprojects.readonly","https://www.googleapis.com/auth/firebase","https://www.googleapis.com/auth/cloud-platform"]
[debug] [2025-11-04T18:02:05.177Z] > authorizing via signed-in user (marcaus25@gmail.com)
[debug] [2025-11-04T18:02:05.178Z] [iam] checking project fruit-pos-c583a for permissions ["firebase.projects.get","firebasehosting.sites.update"]
[debug] [2025-11-04T18:02:05.180Z] Checked if tokens are valid: false, expires at: 1762259914056
[debug] [2025-11-04T18:02:05.180Z] Checked if tokens are valid: false, expires at: 1762259914056
[debug] [2025-11-04T18:02:05.181Z] > refreshing access token with scopes: []
[debug] [2025-11-04T18:02:05.186Z] >>> [apiv2][query] POST https://www.googleapis.com/oauth2/v3/token [none]
[debug] [2025-11-04T18:02:05.186Z] >>> [apiv2][body] POST https://www.googleapis.com/oauth2/v3/token [omitted]
[debug] [2025-11-04T18:02:05.407Z] <<< [apiv2][status] POST https://www.googleapis.com/oauth2/v3/token 200
[debug] [2025-11-04T18:02:05.408Z] <<< [apiv2][body] POST https://www.googleapis.com/oauth2/v3/token [omitted]
[debug] [2025-11-04T18:02:05.417Z] >>> [apiv2][query] POST https://cloudresourcemanager.googleapis.com/v1/projects/fruit-pos-c583a:testIamPermissions [none]
[debug] [2025-11-04T18:02:05.417Z] >>> [apiv2][(partial)header] POST https://cloudresourcemanager.googleapis.com/v1/projects/fruit-pos-c583a:testIamPermissions x-goog-quota-user=projects/fruit-pos-c583a
[debug] [2025-11-04T18:02:05.417Z] >>> [apiv2][body] POST https://cloudresourcemanager.googleapis.com/v1/projects/fruit-pos-c583a:testIamPermissions {"permissions":["firebase.projects.get","firebasehosting.sites.update"]}
[debug] [2025-11-04T18:02:06.427Z] <<< [apiv2][status] POST https://cloudresourcemanager.googleapis.com/v1/projects/fruit-pos-c583a:testIamPermissions 200
[debug] [2025-11-04T18:02:06.428Z] <<< [apiv2][body] POST https://cloudresourcemanager.googleapis.com/v1/projects/fruit-pos-c583a:testIamPermissions {"permissions":["firebase.projects.get","firebasehosting.sites.update"]}
[debug] [2025-11-04T18:02:06.430Z] Checked if tokens are valid: true, expires at: 1762282924409
[debug] [2025-11-04T18:02:06.430Z] Checked if tokens are valid: true, expires at: 1762282924409
[debug] [2025-11-04T18:02:06.431Z] >>> [apiv2][query] GET https://firebase.googleapis.com/v1beta1/projects/fruit-pos-c583a [none]
[debug] [2025-11-04T18:02:06.757Z] <<< [apiv2][status] GET https://firebase.googleapis.com/v1beta1/projects/fruit-pos-c583a 200
[debug] [2025-11-04T18:02:06.757Z] <<< [apiv2][body] GET https://firebase.googleapis.com/v1beta1/projects/fruit-pos-c583a {"projectId":"fruit-pos-c583a","projectNumber":"906115575297","displayName":"fruit-pos","name":"projects/fruit-pos-c583a","resources":{"hostingSite":"fruit-pos-c583a"},"state":"ACTIVE","etag":"1_c1e6361d-a911-42ce-a3fc-ba8cdb6ffc9c"}
[info] 
[info] === Deploying to 'fruit-pos-c583a'...
[info] 
[info] i  deploying hosting 
[debug] [2025-11-04T18:02:06.764Z] Checked if tokens are valid: true, expires at: 1762282924409
[debug] [2025-11-04T18:02:06.765Z] Checked if tokens are valid: true, expires at: 1762282924409
[debug] [2025-11-04T18:02:06.765Z] >>> [apiv2][query] POST https://firebasehosting.googleapis.com/v1beta1/projects/-/sites/fruit-pos-c583a/versions [none]
[debug] [2025-11-04T18:02:06.765Z] >>> [apiv2][body] POST https://firebasehosting.googleapis.com/v1beta1/projects/-/sites/fruit-pos-c583a/versions {"status":"CREATED","labels":{"deployment-tool":"cli-firebase"}}
[debug] [2025-11-04T18:02:07.698Z] <<< [apiv2][status] POST https://firebasehosting.googleapis.com/v1beta1/projects/-/sites/fruit-pos-c583a/versions 200
[debug] [2025-11-04T18:02:07.699Z] <<< [apiv2][body] POST https://firebasehosting.googleapis.com/v1beta1/projects/-/sites/fruit-pos-c583a/versions {"name":"projects/906115575297/sites/fruit-pos-c583a/versions/bdbd331377fcea12","status":"CREATED","config":{},"labels":{"deployment-tool":"cli-firebase"}}
[info] i  hosting[fruit-pos-c583a]: beginning deploy... 
[info] i  hosting[fruit-pos-c583a]: found 113 files in out 
[debug] [2025-11-04T18:02:07.779Z] [hosting] uploading with 200 concurrency
[debug] [2025-11-04T18:02:07.789Z] Checked if tokens are valid: true, expires at: 1762282924409
[debug] [2025-11-04T18:02:07.789Z] Checked if tokens are valid: true, expires at: 1762282924409
[debug] [2025-11-04T18:02:07.792Z] [hosting] hash cache [b3V0] stored for 113 files
[debug] [2025-11-04T18:02:07.793Z] [hosting][hash queue][FINAL] {"max":3,"min":0,"avg":0.3491675184400722,"active":0,"complete":113,"success":113,"errored":0,"retried":0,"total":113,"elapsed":12}
[debug] [2025-11-04T18:02:07.795Z] >>> [apiv2][query] POST https://firebasehosting.googleapis.com/v1beta1/projects/906115575297/sites/fruit-pos-c583a/versions/bdbd331377fcea12:populateFiles [none]
[debug] [2025-11-04T18:02:07.796Z] >>> [apiv2][body] POST https://firebasehosting.googleapis.com/v1beta1/projects/906115575297/sites/fruit-pos-c583a/versions/bdbd331377fcea12:populateFiles {"files":{"/__next.__PAGE__.txt":"7837508c3bf5678d18414de0ec2bfcc7231466366aeb3599bfd9f22b1c8d79f3","/__next._tree.txt":"2276d5deeb9be5a5b53b2bdd07de11159d5e56783806f3dd408090d66dd67ecd","/__next._index.txt":"d1b8d93ac67f5b31f5b5c5a371aa257507888e9fda61ed05ceeb3aa903c88421","/__next._full.txt":"55dfd46eaa5a6dff4fc9c8c95848bba14327560d5c8a147df675129e8e42a165","/_not-found.txt":"8f07f95b319622b38c7fb8f8c65b396fbb87f7580a46ea063920a9d1d4fbaa83","/_not-found.html":"d953871a4bd2548e8e1020a1f2cc92e826108972158fd38a2bf326918407db35","/window.svg":"6bd2003bd35bb32c1c0d99ab3aeac0cc1edaefd79f27df1d954bc87184048d74","/vercel.svg":"529a1a21b4a82475a82db26173c28d7b27e2dc9d4b900eaf1c5329d96eea4ddd","/next.svg":"0665b9ab4493aa9d7e988b57024e28772ae543e804b8cf6b0a3633854b7c3c7f","/index.txt":"55dfd46eaa5a6dff4fc9c8c95848bba14327560d5c8a147df675129e8e42a165","/index.html":"94a3cee3c2b3792ec10ce6e19577a7f33960e5457baa8c207a7845327c24149b","/globe.svg":"6502a3e6120bf2d6e8417e7c40bb57fb8a6954de9c86d3f43076a75b60cd23a2","/file.svg":"5a09df6187e21aa9a7d05094389385876ac93c818e1dcbb77a26a8fe408bf79c","/favicon.ico":"36eaaa9259cda5765c4061fa8b7bf61c74dbda3a2a721a0811c73f5dae61a2e9","/admin.txt":"6df25645b8d27fed11c651c3d7e4967933ee6566e133ccad684cd9bbd8909541","/admin.html":"ed2d6bed96ac1cf4451e253207b9efe3be3d604bacacdd76179bf9289cdb6d8f","/404.html":"d953871a4bd2548e8e1020a1f2cc92e826108972158fd38a2bf326918407db35","/_not-found/__next._tree.txt":"dca27d9d944dfa24d5603e144df9fad8a5be0aa2430d7bfbc74cb6c0c66fcbb5","/_not-found/__next._not-found.txt":"f3c73ae823049223616246acac889b54ffd90b440c26187c4a14daa946c6677f","/_not-found/__next._index.txt":"d1b8d93ac67f5b31f5b5c5a371aa257507888e9fda61ed05ceeb3aa903c88421","/_not-found/__next._full.txt":"8f07f95b319622b38c7fb8f8c65b396fbb87f7580a46ea063920a9d1d4fbaa83","/_not-found/__next._not-found/__PAGE__.txt":"9809f7b1427c48142609cc5a69b08db8c80cda04d584e9bceb8cda7493fcbd1f","/_next/static/ZvX4vkSaPc3Wtb9hci2Dx/_ssgManifest.js":"dc28a4dc92fe352ed5d2201bd3972ce47691bc8e89e0400a68d1541d0567c6d5","/_next/static/ZvX4vkSaPc3Wtb9hci2Dx/_clientMiddlewareManifest.json":"61663fde99b3394d71653f41c19fe91269442622a4a6695f8352a70fbf5ca4c1","/_next/static/ZvX4vkSaPc3Wtb9hci2Dx/_buildManifest.js":"dcbe1c9b9159ca21caea98e1bad364012ae284e9551375ca62b83d2811efac91","/_next/static/media/favicon.0b3bf435.ico":"36eaaa9259cda5765c4061fa8b7bf61c74dbda3a2a721a0811c73f5dae61a2e9","/_next/static/media/caa3a2e1cccd8315-s.p.853070df.woff2":"b8beb80fe637dcc578d27d7e150cdee79a0b23985b81868ca8ddd974f26ac166","/_next/static/media/bbc41e54d2fcbd21-s.799d8ef8.woff2":"d4009d939263227ebf50c0795c481e213f357d7420c6e2aeae9e270341c2794e","/_next/static/media/8a480f0b521d4e75-s.8e0177b5.woff2":"8d292901989d49484a1601ca452e9a5867e0bb875ea47ebe965cce34f9ccfe9f","/_next/static/media/797e433ab948586e-s.p.dbea232f.woff2":"b64ce94058db3b6558b284f93ad64afaddc35ee2ff5e53ce48b833ff3a74e820","/_next/static/media/7178b3e590c64307-s.b97b3418.woff2":"2435c9cd3d80b370af0d12f1623ee96c47460d286fa4e52e283371b801696fe6","/_next/static/media/4fa387ec64143e14-s.c1fdd6c2.woff2":"b69bc48415f924b2ba601fc1d4e410378fafb8b8835d133b888e023e782ae276","/_next/static/chunks/turbopack-6bf550a7ee976b39.js":"222bd485bad59bc00f60a61fbd943c983e04863207f8898cb619f75492da8632","/_next/static/chunks/dea0155084545af0.css":"5610d994353881a57d7083cde2dbf0ae41d5ba1a407b3398a613d46e4e947960","/_next/static/chunks/ce8ac4323ca9bbe3.js":"ff6dbf6310954245ba535493419499b265cb85ffbe5ab48cc6d3035a4059e0d4","/_next/static/chunks/be9f59db15752dc3.js":"a21cf43ebee5761ade19aaf980310c5407563cf2d760bcbbe4b3942ac2e9aaf5","/_next/static/chunks/b13194cbac77d1ff.js":"cfd6093d9f8d7e5617b904229ca9c72b90cf0caa0f53891226ed22f5c84ecd70","/_next/static/chunks/a6dad97d9634a72d.js":"18e28d3214eda45048d80d3925ea7627b809e69ad2e95f7f98459e9146a61c3d","/_next/static/chunks/82ea7df39657a777.js":"0d4bb01e689b4023abc89a187801490ffe6c6c1ff0a497b7f67805c1be1f5bf9","/_next/static/chunks/79a4d3a40e6dc636.js":"e689de20923cd4da7eda4bdff9d0782ff0cf54248d4dd3596665a3a593d1362d","/_next/static/chunks/796b7f45582b020f.js":"fdba50d1364cc661439a5da1c9a11b168126a1fe76f80e1263cf7fd85903fb27","/_next/static/chunks/482fc44d3e0524eb.js":"73314416a27e08260686038dec7387d76611210b0c415a10e3e472c1b614f89f","/_next/static/chunks/4386418ccdbf7a64.js":"2b8b2ee28f4b22dc84937448bbb423d09b43c2eea51fac4a21c88df63c45d4d5","/_next/static/chunks/42879de7b8087bc9.js":"164f5ddfd612bff5e404f710c8ee4d0a6897b5b7e124f24d724d57c2f068d539","/auth/register.txt":"35ae46e7d16921c334284865190ca3f2524f7c50d7a43bae293d0310e757d412","/auth/register.html":"44b519d14d64eab0cd04c9d5395ddf05b0fcd9cd9693562dbc5d69d8b9881cd3","/auth/login.txt":"69ccb3ac30f7925c8d1ab788635d32f5ed9f6469c3d1759a38e609e088d2b85e","/auth/login.html":"9bc1595deee44007031c3ccd7e6b51398540610a175de008566ff7b80ba77480","/auth/register/__next._tree.txt":"3b6ee4f167a1444636badc8b0516ae34b21db4151fa0f8c2c426f7e04504af33","/auth/register/__next._index.txt":"d1b8d93ac67f5b31f5b5c5a371aa257507888e9fda61ed05ceeb3aa903c88421","/auth/register/__next._full.txt":"35ae46e7d16921c334284865190ca3f2524f7c50d7a43bae293d0310e757d412","/auth/register/__next.auth.txt":"f3c73ae823049223616246acac889b54ffd90b440c26187c4a14daa946c6677f","/auth/register/__next.auth/register.txt":"f3c73ae823049223616246acac889b54ffd90b440c26187c4a14daa946c6677f","/auth/register/__next.auth/register/__PAGE__.txt":"abb04981c5a43930babf2f6b40060348e8a7aa6edf5c25ece3544fec5f1a4298","/auth/login/__next._tree.txt":"3dcda45b913233fc1ea9a8df8d24397134dea07b78550d2fa6f118f804329b75","/auth/login/__next._index.txt":"d1b8d93ac67f5b31f5b5c5a371aa257507888e9fda61ed05ceeb3aa903c88421","/auth/login/__next._full.txt":"69ccb3ac30f7925c8d1ab788635d32f5ed9f6469c3d1759a38e609e088d2b85e","/auth/login/__next.auth.txt":"f3c73ae823049223616246acac889b54ffd90b440c26187c4a14daa946c6677f","/auth/login/__next.auth/login.txt":"f3c73ae823049223616246acac889b54ffd90b440c26187c4a14daa946c6677f","/auth/login/__next.auth/login/__PAGE__.txt":"b34440131fddc27067b09791c5e0fcaf30a5a8dba9f1d88c1614ca0c3b2a814b","/admin/__next._tree.txt":"2428c1a1ed61f762e3742233ea0f71abe212ae94cfafde1ffd0a4c4262c7e621","/admin/__next._index.txt":"d1b8d93ac67f5b31f5b5c5a371aa257507888e9fda61ed05ceeb3aa903c88421","/admin/__next._full.txt":"6df25645b8d27fed11c651c3d7e4967933ee6566e133ccad684cd9bbd8909541","/admin/__next.admin.txt":"3f5c57369619c6a46d9dc1199e406ac89983cf1dd5db98ed5edffd207ee89da5","/admin/transaction.txt":"9a300127b9a46b49eff4af565f52e14eac9069eaa48bebf9c6bbb1e66c272e4d","/admin/transaction.html":"7c28142d57b1f03735c60a87d88773276ade54d6c5e61f6b5a74e60f3d90b35a","/admin/settings.txt":"893c53addf37ffac04d3bdee6b9508bcd295b573c0f0b7ef6c80960f5bf55e3c","/admin/settings.html":"2b457989348f05ca1fd3baf7e987428f87eb9a3fe50171459a06540eb0278784","/admin/pos.txt":"9e002ec63dd72533df206bc96c6113907c93b07bcc81e2d0ba585c21c69475ea","/admin/pos.html":"3c5c21c27d84d930a17b70b92b8e51c94e105b92cd3471e4ec25c48e4c35aae3","/admin/invoice.txt":"51babf736f52d1759eda925cac032af9ac77743cca746c7e03358bbe4c3b8c0d","/admin/invoice.html":"302ddfde853e48acc1e47bd79f544dd0a51d22e15af172274e37d2ba97af28ed","/admin/inventory.txt":"3968484c174531b9760a078cfbe9dd387b0c632aa79136a0607879bf3714610a","/admin/inventory.html":"8e5cc4da4a1b3078a93f014e44f8557160b4a749d00aa82aa5a28244f9257c26","/admin/accounts.txt":"873eff4931f82387752238a1382cd130ba6b862ec6bb7ee41103aee3f17f0a84","/admin/accounts.html":"22c2774873d56687552b91deb6ef7633bd3d06512449ae1c4a7ed05f78f216c5","/admin/__next.admin/__PAGE__.txt":"ff561d9bca8159aaccc6463534f885b0cf8615d73f194b36a6f78c275671ed78","/admin/transaction/__next._tree.txt":"2822f35e87b7d080dff805ee11c82284319245cbafc893e925814a3118d3e702","/admin/transaction/__next._index.txt":"d1b8d93ac67f5b31f5b5c5a371aa257507888e9fda61ed05ceeb3aa903c88421","/admin/transaction/__next._full.txt":"9a300127b9a46b49eff4af565f52e14eac9069eaa48bebf9c6bbb1e66c272e4d","/admin/transaction/__next.admin.txt":"3f5c57369619c6a46d9dc1199e406ac89983cf1dd5db98ed5edffd207ee89da5","/admin/transaction/__next.admin/transaction.txt":"f3c73ae823049223616246acac889b54ffd90b440c26187c4a14daa946c6677f","/admin/transaction/__next.admin/transaction/__PAGE__.txt":"ff561d9bca8159aaccc6463534f885b0cf8615d73f194b36a6f78c275671ed78","/admin/settings/__next._tree.txt":"944d48dd3ef1ee0fd6bc5e616ac1024033a7d01f0446847ce20f7e5f2a87c732","/admin/settings/__next._index.txt":"d1b8d93ac67f5b31f5b5c5a371aa257507888e9fda61ed05ceeb3aa903c88421","/admin/settings/__next._full.txt":"893c53addf37ffac04d3bdee6b9508bcd295b573c0f0b7ef6c80960f5bf55e3c","/admin/settings/__next.admin.txt":"3f5c57369619c6a46d9dc1199e406ac89983cf1dd5db98ed5edffd207ee89da5","/admin/settings/__next.admin/settings.txt":"f3c73ae823049223616246acac889b54ffd90b440c26187c4a14daa946c6677f","/admin/settings/__next.admin/settings/__PAGE__.txt":"ff561d9bca8159aaccc6463534f885b0cf8615d73f194b36a6f78c275671ed78","/admin/pos/__next._tree.txt":"5f6f3ebae2fd49452d2a39c373c7157397839ec1ba4613aa167e0a533356adb7","/admin/pos/__next._index.txt":"d1b8d93ac67f5b31f5b5c5a371aa257507888e9fda61ed05ceeb3aa903c88421","/admin/pos/__next._full.txt":"9e002ec63dd72533df206bc96c6113907c93b07bcc81e2d0ba585c21c69475ea","/admin/pos/__next.admin.txt":"3f5c57369619c6a46d9dc1199e406ac89983cf1dd5db98ed5edffd207ee89da5","/admin/pos/__next.admin/pos.txt":"f3c73ae823049223616246acac889b54ffd90b440c26187c4a14daa946c6677f","/admin/pos/__next.admin/pos/__PAGE__.txt":"ff561d9bca8159aaccc6463534f885b0cf8615d73f194b36a6f78c275671ed78","/admin/invoice/__next._tree.txt":"404db5b733c520cf164114f7c6a8aa4ed7b891d2e54c88522c5cc7b289b486a5","/admin/invoice/__next._index.txt":"d1b8d93ac67f5b31f5b5c5a371aa257507888e9fda61ed05ceeb3aa903c88421","/admin/invoice/__next._full.txt":"51babf736f52d1759eda925cac032af9ac77743cca746c7e03358bbe4c3b8c0d","/admin/invoice/__next.admin.txt":"3f5c57369619c6a46d9dc1199e406ac89983cf1dd5db98ed5edffd207ee89da5","/admin/invoice/__next.admin/invoice.txt":"f3c73ae823049223616246acac889b54ffd90b440c26187c4a14daa946c6677f","/admin/invoice/__next.admin/invoice/__PAGE__.txt":"ff561d9bca8159aaccc6463534f885b0cf8615d73f194b36a6f78c275671ed78","/admin/inventory/__next._tree.txt":"c32d578566de484dc2e2e68a20617cf26c3a43b921bd6567f31c9e75f7a1e122","/admin/inventory/__next._index.txt":"d1b8d93ac67f5b31f5b5c5a371aa257507888e9fda61ed05ceeb3aa903c88421","/admin/inventory/__next._full.txt":"3968484c174531b9760a078cfbe9dd387b0c632aa79136a0607879bf3714610a","/admin/inventory/__next.admin.txt":"3f5c57369619c6a46d9dc1199e406ac89983cf1dd5db98ed5edffd207ee89da5","/admin/inventory/__next.admin/inventory.txt":"f3c73ae823049223616246acac889b54ffd90b440c26187c4a14daa946c6677f","/admin/inventory/__next.admin/inventory/__PAGE__.txt":"ff561d9bca8159aaccc6463534f885b0cf8615d73f194b36a6f78c275671ed78","/admin/accounts/__next._tree.txt":"aa271a8d99e5620b596e9f583bb846191ab850f204e9c96e55c605c7c456ecf6","/admin/accounts/__next._index.txt":"d1b8d93ac67f5b31f5b5c5a371aa257507888e9fda61ed05ceeb3aa903c88421","/admin/accounts/__next._full.txt":"873eff4931f82387752238a1382cd130ba6b862ec6bb7ee41103aee3f17f0a84","/admin/accounts/__next.admin.txt":"3f5c57369619c6a46d9dc1199e406ac89983cf1dd5db98ed5edffd207ee89da5","/admin/accounts/__next.admin/accounts.txt":"f3c73ae823049223616246acac889b54ffd90b440c26187c4a14daa946c6677f","/admin/accounts/__next.admin/accounts/__PAGE__.txt":"ff561d9bca8159aaccc6463534f885b0cf8615d73f194b36a6f78c275671ed78"}}
[debug] [2025-11-04T18:02:08.257Z] <<< [apiv2][status] POST https://firebasehosting.googleapis.com/v1beta1/projects/906115575297/sites/fruit-pos-c583a/versions/bdbd331377fcea12:populateFiles 200
[debug] [2025-11-04T18:02:08.258Z] <<< [apiv2][body] POST https://firebasehosting.googleapis.com/v1beta1/projects/906115575297/sites/fruit-pos-c583a/versions/bdbd331377fcea12:populateFiles {"uploadUrl":"https://upload-firebasehosting.googleapis.com/upload/sites/fruit-pos-c583a/versions/bdbd331377fcea12/files"}
[debug] [2025-11-04T18:02:08.259Z] [hosting][populate queue][FINAL] {"max":471,"min":471,"avg":471,"active":0,"complete":1,"success":1,"errored":0,"retried":0,"total":1,"elapsed":471}
[debug] [2025-11-04T18:02:08.260Z] [hosting] uploads queued: 0
[debug] [2025-11-04T18:02:08.260Z] [hosting][upload queue][FINAL] {"max":0,"min":9999999999,"avg":0,"active":0,"complete":0,"success":0,"errored":0,"retried":0,"total":0,"elapsed":1762279328260}
[info] i  hosting: upload complete 
[info] +  hosting[fruit-pos-c583a]: file upload complete 
[debug] [2025-11-04T18:02:08.261Z] [hosting] deploy completed after 558ms
[debug] [2025-11-04T18:02:08.262Z] [
  {
    "config": {
      "public": "out",
      "ignore": [
        "firebase.json",
        "**/.*",
        "**/node_modules/**"
      ],
      "site": "fruit-pos-c583a"
    },
    "version": "projects/906115575297/sites/fruit-pos-c583a/versions/bdbd331377fcea12"
  }
]
[info] i  hosting[fruit-pos-c583a]: finalizing version... 
[debug] [2025-11-04T18:02:08.265Z] Checked if tokens are valid: true, expires at: 1762282924409
[debug] [2025-11-04T18:02:08.265Z] Checked if tokens are valid: true, expires at: 1762282924409
[debug] [2025-11-04T18:02:08.266Z] >>> [apiv2][query] PATCH https://firebasehosting.googleapis.com/v1beta1/projects/-/sites/fruit-pos-c583a/versions/bdbd331377fcea12 updateMask=status%2Cconfig
[debug] [2025-11-04T18:02:08.266Z] >>> [apiv2][body] PATCH https://firebasehosting.googleapis.com/v1beta1/projects/-/sites/fruit-pos-c583a/versions/bdbd331377fcea12 {"status":"FINALIZED","config":{}}
[debug] [2025-11-04T18:02:08.868Z] <<< [apiv2][status] PATCH https://firebasehosting.googleapis.com/v1beta1/projects/-/sites/fruit-pos-c583a/versions/bdbd331377fcea12 200
[debug] [2025-11-04T18:02:08.868Z] <<< [apiv2][body] PATCH https://firebasehosting.googleapis.com/v1beta1/projects/-/sites/fruit-pos-c583a/versions/bdbd331377fcea12 {"name":"projects/906115575297/sites/fruit-pos-c583a/versions/bdbd331377fcea12","status":"FINALIZED","config":{},"labels":{"deployment-tool":"cli-firebase"},"createTime":"2025-11-04T18:02:07.286953Z","createUser":{"email":"marcaus25@gmail.com"},"finalizeTime":"2025-11-04T18:02:08.843609Z","finalizeUser":{"email":"marcaus25@gmail.com"}}
[debug] [2025-11-04T18:02:08.869Z] [hosting] finalized version for fruit-pos-c583a:[object Object]
[info] +  hosting[fruit-pos-c583a]: version finalized 
[info] i  hosting[fruit-pos-c583a]: releasing new version... 
[debug] [2025-11-04T18:02:08.870Z] Checked if tokens are valid: true, expires at: 1762282924409
[debug] [2025-11-04T18:02:08.870Z] Checked if tokens are valid: true, expires at: 1762282924409
[debug] [2025-11-04T18:02:08.871Z] >>> [apiv2][query] POST https://firebasehosting.googleapis.com/v1beta1/projects/-/sites/fruit-pos-c583a/channels/live/releases versionName=projects%2F906115575297%2Fsites%2Ffruit-pos-c583a%2Fversions%2Fbdbd331377fcea12
[debug] [2025-11-04T18:02:08.871Z] >>> [apiv2][body] POST https://firebasehosting.googleapis.com/v1beta1/projects/-/sites/fruit-pos-c583a/channels/live/releases {}
[debug] [2025-11-04T18:02:09.313Z] <<< [apiv2][status] POST https://firebasehosting.googleapis.com/v1beta1/projects/-/sites/fruit-pos-c583a/channels/live/releases 200
[debug] [2025-11-04T18:02:09.314Z] <<< [apiv2][body] POST https://firebasehosting.googleapis.com/v1beta1/projects/-/sites/fruit-pos-c583a/channels/live/releases {"name":"projects/906115575297/sites/fruit-pos-c583a/channels/live/releases/1762279328706000","version":{"name":"projects/906115575297/sites/fruit-pos-c583a/versions/bdbd331377fcea12","status":"FINALIZED","config":{},"labels":{"deployment-tool":"cli-firebase"},"createTime":"2025-11-04T18:02:07.286953Z","createUser":{"email":"marcaus25@gmail.com","imageUrl":"https://lh3.googleusercontent.com/a/ACg8ocLOdOuHFey_ix0KFyfA0RVPeFW2pz8maSlBNnNKns2tSFbjfZk"},"finalizeTime":"2025-11-04T18:02:08.843609Z","finalizeUser":{"email":"marcaus25@gmail.com","imageUrl":"https://lh3.googleusercontent.com/a/ACg8ocLOdOuHFey_ix0KFyfA0RVPeFW2pz8maSlBNnNKns2tSFbjfZk"}},"type":"DEPLOY","releaseTime":"2025-11-04T18:02:08.706Z","releaseUser":{"email":"marcaus25@gmail.com","imageUrl":"https://lh3.googleusercontent.com/a/ACg8ocLOdOuHFey_ix0KFyfA0RVPeFW2pz8maSlBNnNKns2tSFbjfZk"}}
[debug] [2025-11-04T18:02:09.314Z] [hosting] release: {"name":"projects/906115575297/sites/fruit-pos-c583a/channels/live/releases/1762279328706000","version":{"name":"projects/906115575297/sites/fruit-pos-c583a/versions/bdbd331377fcea12","status":"FINALIZED","config":{},"labels":{"deployment-tool":"cli-firebase"},"createTime":"2025-11-04T18:02:07.286953Z","createUser":{"email":"marcaus25@gmail.com","imageUrl":"https://lh3.googleusercontent.com/a/ACg8ocLOdOuHFey_ix0KFyfA0RVPeFW2pz8maSlBNnNKns2tSFbjfZk"},"finalizeTime":"2025-11-04T18:02:08.843609Z","finalizeUser":{"email":"marcaus25@gmail.com","imageUrl":"https://lh3.googleusercontent.com/a/ACg8ocLOdOuHFey_ix0KFyfA0RVPeFW2pz8maSlBNnNKns2tSFbjfZk"}},"type":"DEPLOY","releaseTime":"2025-11-04T18:02:08.706Z","releaseUser":{"email":"marcaus25@gmail.com","imageUrl":"https://lh3.googleusercontent.com/a/ACg8ocLOdOuHFey_ix0KFyfA0RVPeFW2pz8maSlBNnNKns2tSFbjfZk"}}
[info] +  hosting[fruit-pos-c583a]: release complete 
[info] 
[info] +  Deploy complete! 
[info] 
[info] Project Console: https://console.firebase.google.com/project/fruit-pos-c583a/overview
[info] Hosting URL: https://fruit-pos-c583a.web.app
